[2026-02-22 14:52:09] [folder_created] Job folder created: LKPD2025Jeneponto/JIJ_CVBK
[2026-02-22 15:22:56] [folder_created] Entity folder created: dgfh
[2026-02-22 15:23:47] [folder_created] Job folder created: LKPD2025Jeneponto/JIJ_CVHM
[2026-02-23 17:47:49] [create] Created new jalan inspection record ID: 1 for job: 3
[2026-02-23 17:47:50] [create] Created new jalan inspection record ID: 2 for job: 3
[2026-02-23 17:47:51] [create] Created new jalan inspection record ID: 3 for job: 3
[2026-02-23 17:47:51] [create] Created new jalan inspection record ID: 4 for job: 3
[2026-02-23 17:47:51] [create] Created new jalan inspection record ID: 5 for job: 3
[2026-02-23 17:47:51] [create] Created new jalan inspection record ID: 6 for job: 3
[2026-02-23 17:47:51] [create] Created new jalan inspection record ID: 7 for job: 3
[2026-02-23 17:47:51] [create] Created new jalan inspection record ID: 8 for job: 3
[2026-02-23 17:47:51] [create] Created new jalan inspection record ID: 9 for job: 3
[2026-02-23 17:47:52] [create] Created new jalan inspection record ID: 10 for job: 3
[2026-02-23 17:51:39] [create] Created new jalan inspection record ID: 11 for job: 3
[2026-02-23 17:52:04] [delete] Deleted jalan inspection record ID: 11
[2026-02-23 18:03:20] [create] Created new jalan inspection record ID: 12 for job: 3
[2026-02-23 18:20:50] [create] Created new jalan inspection record ID: 13 for job: 3
[2026-02-23 19:14:42] [create] Created new jalan inspection record ID: 13 for job: 3
[2026-02-25 15:13:15] [create] Created new jalan inspection record ID: 14 for job: 3
[2026-02-25 15:13:22] [delete] Deleted jalan inspection record ID: 14
[2026-02-25 15:52:45] [create] Created new jalan inspection record ID: 15 for job: 3
[2026-02-25 15:52:55] [create] Created new jalan inspection record ID: 16 for job: 3
[2026-02-25 15:53:36] [create] Created new jalan inspection record ID: 17 for job: 3
[2026-02-26 13:45:39] [folder_created] Entity folder created: ryuytru
[2026-02-26 13:51:17] [create] Created new jalan inspection record ID: 18 for job: 3
[2026-02-26 13:51:41] [create] Created new jalan inspection record ID: 19 for job: 3
[2026-02-26 13:52:56] [create] Created new jalan inspection record ID: 20 for job: 3
[2026-02-26 13:59:06] [create] Created new jalan inspection record ID: 21 for job: 3
[2026-02-26 14:00:40] [update] Updated jalan inspection record with images ID: 21
[2026-02-26 14:00:54] [update] Updated jalan inspection record with images ID: 18
[2026-02-26 14:13:36] [create] Created new jalan inspection record ID: 22 for job: 3
[2026-02-26 14:34:43] [create] Created new jalan inspection record ID: 23 for job: 3
[2026-02-26 14:38:25] [delete] Deleted jalan inspection record ID: 19
[2026-02-26 14:38:29] [delete] Deleted jalan inspection record ID: 23
[2026-02-26 14:38:32] [delete] Deleted jalan inspection record ID: 22
[2026-02-26 14:38:34] [delete] Deleted jalan inspection record ID: 21
[2026-02-26 14:38:37] [delete] Deleted jalan inspection record ID: 18
[2026-02-26 14:38:39] [delete] Deleted jalan inspection record ID: 16
[2026-02-26 14:38:42] [delete] Deleted jalan inspection record ID: 15
[2026-02-26 14:42:34] [create] Created new jalan inspection record ID: 24 for job: 3
[2026-02-26 14:43:20] [create] Created new jalan inspection record ID: 25 for job: 3
[2026-02-26 14:46:42] [update] Updated jalan inspection record with images ID: 25
[2026-02-26 14:47:20] [update] Updated jalan inspection record with images ID: 17
<<<<<<< Updated upstream
[2026-02-26 16:03:40] [create] Created new jalan inspection record ID: 28 for job: 3
[2026-02-26 16:05:00] [delete] Deleted jalan inspection record ID: 28
[2026-02-26 16:05:17] [create] Created new jalan inspection record ID: 29 for job: 3
[2026-02-26 16:06:20] [create] Created new jalan inspection record ID: 30 for job: 3
[2026-02-26 16:12:39] [create] Created new jalan inspection record ID: 31 for job: 3
[2026-02-26 16:18:51] [create] Created new jalan inspection record ID: 32 for job: 3
=======
[2026-02-26 15:37:39] [create] Created new jalan inspection record ID: 129 for job: 4
[2026-02-26 15:48:26] [delete] Deleted jalan inspection record ID: 129
>>>>>>> Stashed changes
[2026-02-26 16:23:44] [create] Created new jalan inspection record ID: 130 for job: 4
[2026-02-26 16:26:38] [delete] Deleted jalan inspection record ID: 130
[2026-02-26 16:30:30] [create] Created new jalan inspection record ID: 131 for job: 4
[2026-02-26 16:32:20] [delete] Deleted jalan inspection record ID: 131
[2026-02-26 16:43:36] [create] Created new jalan inspection record ID: 132 for job: 4
[2026-02-26 16:43:54] [delete] Deleted jalan inspection record ID: 132
